Analysis & Synthesis report for DE0_TOP
Sun Dec 13 10:51:23 2020
Quartus II 64-Bit Version 13.0.1 Build 232 06/12/2013 Service Pack 1 SJ Web Edition


---------------------
; Table of Contents ;
---------------------
  1. Legal Notice
  2. Analysis & Synthesis Summary
  3. Analysis & Synthesis Settings
  4. Parallel Compilation
  5. Analysis & Synthesis Source Files Read
  6. Analysis & Synthesis Resource Usage Summary
  7. Analysis & Synthesis Resource Utilization by Entity
  8. State Machine - |DE0_TOP|my_top:my_top_instance|stopwatch:stopwatch_instance|state_reg
  9. Registers Removed During Synthesis
 10. General Register Statistics
 11. Multiplexer Restructuring Statistics (Restructuring Performed)
 12. Parameter Settings for User Entity Instance: my_top:my_top_instance
 13. Parameter Settings for User Entity Instance: my_top:my_top_instance|stopwatch:stopwatch_instance
 14. Parameter Settings for User Entity Instance: my_top:my_top_instance|stopwatch:stopwatch_instance|register:cntr
 15. Parameter Settings for User Entity Instance: my_top:my_top_instance|stopwatch:stopwatch_instance|register:seconds
 16. Parameter Settings for Inferred Entity Instance: my_top:my_top_instance|lpm_divide:Mod0
 17. Parameter Settings for Inferred Entity Instance: my_top:my_top_instance|lpm_divide:Div0
 18. Parameter Settings for Inferred Entity Instance: my_top:my_top_instance|lpm_divide:Mod1
 19. Parameter Settings for Inferred Entity Instance: my_top:my_top_instance|lpm_divide:Div1
 20. Parameter Settings for Inferred Entity Instance: my_top:my_top_instance|lpm_divide:Mod2
 21. Parameter Settings for Inferred Entity Instance: my_top:my_top_instance|lpm_divide:Div2
 22. Parameter Settings for Inferred Entity Instance: my_top:my_top_instance|lpm_divide:Mod3
 23. Port Connectivity Checks: "my_top:my_top_instance|stopwatch:stopwatch_instance|register:seconds"
 24. Port Connectivity Checks: "my_top:my_top_instance|stopwatch:stopwatch_instance|register:cntr"
 25. Elapsed Time Per Partition
 26. Analysis & Synthesis Messages



----------------
; Legal Notice ;
----------------
Copyright (C) 1991-2013 Altera Corporation
Your use of Altera Corporation's design tools, logic functions 
and other software and tools, and its AMPP partner logic 
functions, and any output files from any of the foregoing 
(including device programming or simulation files), and any 
associated documentation or information are expressly subject 
to the terms and conditions of the Altera Program License 
Subscription Agreement, Altera MegaCore Function License 
Agreement, or other applicable license agreement, including, 
without limitation, that your use is for the sole purpose of 
programming logic devices manufactured by Altera and sold by 
Altera or its authorized distributors.  Please refer to the 
applicable agreement for further details.



+--------------------------------------------------------------------------------------+
; Analysis & Synthesis Summary                                                         ;
+------------------------------------+-------------------------------------------------+
; Analysis & Synthesis Status        ; Successful - Sun Dec 13 10:51:22 2020           ;
; Quartus II 64-Bit Version          ; 13.0.1 Build 232 06/12/2013 SP 1 SJ Web Edition ;
; Revision Name                      ; DE0_TOP                                         ;
; Top-level Entity Name              ; DE0_TOP                                         ;
; Family                             ; Cyclone III                                     ;
; Total logic elements               ; 395                                             ;
;     Total combinational functions  ; 393                                             ;
;     Dedicated logic registers      ; 41                                              ;
; Total registers                    ; 41                                              ;
; Total pins                         ; 252                                             ;
; Total virtual pins                 ; 0                                               ;
; Total memory bits                  ; 0                                               ;
; Embedded Multiplier 9-bit elements ; 0                                               ;
; Total PLLs                         ; 0                                               ;
+------------------------------------+-------------------------------------------------+


+----------------------------------------------------------------------------------------------------------------------+
; Analysis & Synthesis Settings                                                                                        ;
+----------------------------------------------------------------------------+--------------------+--------------------+
; Option                                                                     ; Setting            ; Default Value      ;
+----------------------------------------------------------------------------+--------------------+--------------------+
; Device                                                                     ; EP3C16F484C6       ;                    ;
; Top-level entity name                                                      ; DE0_TOP            ; DE0_TOP            ;
; Family name                                                                ; Cyclone III        ; Cyclone IV GX      ;
; Use smart compilation                                                      ; Off                ; Off                ;
; Enable parallel Assembler and TimeQuest Timing Analyzer during compilation ; On                 ; On                 ;
; Enable compact report table                                                ; Off                ; Off                ;
; Restructure Multiplexers                                                   ; Auto               ; Auto               ;
; Create Debugging Nodes for IP Cores                                        ; Off                ; Off                ;
; Preserve fewer node names                                                  ; On                 ; On                 ;
; Disable OpenCore Plus hardware evaluation                                  ; Off                ; Off                ;
; Verilog Version                                                            ; Verilog_2001       ; Verilog_2001       ;
; VHDL Version                                                               ; VHDL_1993          ; VHDL_1993          ;
; State Machine Processing                                                   ; Auto               ; Auto               ;
; Safe State Machine                                                         ; Off                ; Off                ;
; Extract Verilog State Machines                                             ; On                 ; On                 ;
; Extract VHDL State Machines                                                ; On                 ; On                 ;
; Ignore Verilog initial constructs                                          ; Off                ; Off                ;
; Iteration limit for constant Verilog loops                                 ; 5000               ; 5000               ;
; Iteration limit for non-constant Verilog loops                             ; 250                ; 250                ;
; Add Pass-Through Logic to Inferred RAMs                                    ; On                 ; On                 ;
; Infer RAMs from Raw Logic                                                  ; On                 ; On                 ;
; Parallel Synthesis                                                         ; On                 ; On                 ;
; DSP Block Balancing                                                        ; Auto               ; Auto               ;
; NOT Gate Push-Back                                                         ; On                 ; On                 ;
; Power-Up Don't Care                                                        ; On                 ; On                 ;
; Remove Redundant Logic Cells                                               ; Off                ; Off                ;
; Remove Duplicate Registers                                                 ; On                 ; On                 ;
; Ignore CARRY Buffers                                                       ; Off                ; Off                ;
; Ignore CASCADE Buffers                                                     ; Off                ; Off                ;
; Ignore GLOBAL Buffers                                                      ; Off                ; Off                ;
; Ignore ROW GLOBAL Buffers                                                  ; Off                ; Off                ;
; Ignore LCELL Buffers                                                       ; Off                ; Off                ;
; Ignore SOFT Buffers                                                        ; On                 ; On                 ;
; Limit AHDL Integers to 32 Bits                                             ; Off                ; Off                ;
; Optimization Technique                                                     ; Balanced           ; Balanced           ;
; Carry Chain Length                                                         ; 70                 ; 70                 ;
; Auto Carry Chains                                                          ; On                 ; On                 ;
; Auto Open-Drain Pins                                                       ; On                 ; On                 ;
; Perform WYSIWYG Primitive Resynthesis                                      ; Off                ; Off                ;
; Auto ROM Replacement                                                       ; On                 ; On                 ;
; Auto RAM Replacement                                                       ; On                 ; On                 ;
; Auto DSP Block Replacement                                                 ; On                 ; On                 ;
; Auto Shift Register Replacement                                            ; Auto               ; Auto               ;
; Allow Shift Register Merging across Hierarchies                            ; Auto               ; Auto               ;
; Auto Clock Enable Replacement                                              ; On                 ; On                 ;
; Strict RAM Replacement                                                     ; Off                ; Off                ;
; Allow Synchronous Control Signals                                          ; On                 ; On                 ;
; Force Use of Synchronous Clear Signals                                     ; Off                ; Off                ;
; Auto RAM Block Balancing                                                   ; On                 ; On                 ;
; Auto RAM to Logic Cell Conversion                                          ; Off                ; Off                ;
; Auto Resource Sharing                                                      ; Off                ; Off                ;
; Allow Any RAM Size For Recognition                                         ; Off                ; Off                ;
; Allow Any ROM Size For Recognition                                         ; Off                ; Off                ;
; Allow Any Shift Register Size For Recognition                              ; Off                ; Off                ;
; Use LogicLock Constraints during Resource Balancing                        ; On                 ; On                 ;
; Ignore translate_off and synthesis_off directives                          ; Off                ; Off                ;
; Timing-Driven Synthesis                                                    ; On                 ; On                 ;
; Report Parameter Settings                                                  ; On                 ; On                 ;
; Report Source Assignments                                                  ; On                 ; On                 ;
; Report Connectivity Checks                                                 ; On                 ; On                 ;
; Ignore Maximum Fan-Out Assignments                                         ; Off                ; Off                ;
; Synchronization Register Chain Length                                      ; 2                  ; 2                  ;
; PowerPlay Power Optimization                                               ; Normal compilation ; Normal compilation ;
; HDL message level                                                          ; Level2             ; Level2             ;
; Suppress Register Optimization Related Messages                            ; Off                ; Off                ;
; Number of Removed Registers Reported in Synthesis Report                   ; 5000               ; 5000               ;
; Number of Swept Nodes Reported in Synthesis Report                         ; 5000               ; 5000               ;
; Number of Inverted Registers Reported in Synthesis Report                  ; 100                ; 100                ;
; Clock MUX Protection                                                       ; On                 ; On                 ;
; Auto Gated Clock Conversion                                                ; Off                ; Off                ;
; Block Design Naming                                                        ; Auto               ; Auto               ;
; SDC constraint protection                                                  ; Off                ; Off                ;
; Synthesis Effort                                                           ; Auto               ; Auto               ;
; Shift Register Replacement - Allow Asynchronous Clear Signal               ; On                 ; On                 ;
; Pre-Mapping Resynthesis Optimization                                       ; Off                ; Off                ;
; Analysis & Synthesis Message Level                                         ; Medium             ; Medium             ;
; Disable Register Merging Across Hierarchies                                ; Auto               ; Auto               ;
; Resource Aware Inference For Block RAM                                     ; On                 ; On                 ;
; Synthesis Seed                                                             ; 1                  ; 1                  ;
+----------------------------------------------------------------------------+--------------------+--------------------+


Parallel compilation was disabled, but you have multiple processors available. Enable parallel compilation to reduce compilation time.
+-------------------------------------+
; Parallel Compilation                ;
+----------------------------+--------+
; Processors                 ; Number ;
+----------------------------+--------+
; Number detected on machine ; 4      ;
; Maximum allowed            ; 1      ;
+----------------------------+--------+


+---------------------------------------------------------------------------------------------------------------------------------------------------------------------+
; Analysis & Synthesis Source Files Read                                                                                                                              ;
+----------------------------------+-----------------+------------------------------+-----------------------------------------------------------------------+---------+
; File Name with User-Entered Path ; Used in Netlist ; File Type                    ; File Name with Absolute Path                                          ; Library ;
+----------------------------------+-----------------+------------------------------+-----------------------------------------------------------------------+---------+
; rising_edge_detector.v           ; yes             ; User Verilog HDL File        ; D:/Drive/Projects/VLSI/stopwatch/DE0_TOP/rising_edge_detector.v       ;         ;
; stopwatch.v                      ; yes             ; User Verilog HDL File        ; D:/Drive/Projects/VLSI/stopwatch/DE0_TOP/stopwatch.v                  ;         ;
; register.v                       ; yes             ; User Verilog HDL File        ; D:/Drive/Projects/VLSI/stopwatch/DE0_TOP/register.v                   ;         ;
; my_top.v                         ; yes             ; User Verilog HDL File        ; D:/Drive/Projects/VLSI/stopwatch/DE0_TOP/my_top.v                     ;         ;
; DE0_TOP.v                        ; yes             ; User Verilog HDL File        ; D:/Drive/Projects/VLSI/stopwatch/DE0_TOP/DE0_TOP.v                    ;         ;
; register.vh                      ; yes             ; Auto-Found Unspecified File  ; D:/Drive/Projects/VLSI/stopwatch/DE0_TOP/register.vh                  ;         ;
; lpm_divide.tdf                   ; yes             ; Megafunction                 ; c:/altera/13.0sp1/quartus/libraries/megafunctions/lpm_divide.tdf      ;         ;
; abs_divider.inc                  ; yes             ; Megafunction                 ; c:/altera/13.0sp1/quartus/libraries/megafunctions/abs_divider.inc     ;         ;
; sign_div_unsign.inc              ; yes             ; Megafunction                 ; c:/altera/13.0sp1/quartus/libraries/megafunctions/sign_div_unsign.inc ;         ;
; aglobal130.inc                   ; yes             ; Megafunction                 ; c:/altera/13.0sp1/quartus/libraries/megafunctions/aglobal130.inc      ;         ;
; db/lpm_divide_m9m.tdf            ; yes             ; Auto-Generated Megafunction  ; D:/Drive/Projects/VLSI/stopwatch/DE0_TOP/db/lpm_divide_m9m.tdf        ;         ;
; db/sign_div_unsign_klh.tdf       ; yes             ; Auto-Generated Megafunction  ; D:/Drive/Projects/VLSI/stopwatch/DE0_TOP/db/sign_div_unsign_klh.tdf   ;         ;
; db/alt_u_div_j5f.tdf             ; yes             ; Auto-Generated Megafunction  ; D:/Drive/Projects/VLSI/stopwatch/DE0_TOP/db/alt_u_div_j5f.tdf         ;         ;
; db/add_sub_unc.tdf               ; yes             ; Auto-Generated Megafunction  ; D:/Drive/Projects/VLSI/stopwatch/DE0_TOP/db/add_sub_unc.tdf           ;         ;
; db/add_sub_vnc.tdf               ; yes             ; Auto-Generated Megafunction  ; D:/Drive/Projects/VLSI/stopwatch/DE0_TOP/db/add_sub_vnc.tdf           ;         ;
; db/lpm_divide_jhm.tdf            ; yes             ; Auto-Generated Megafunction  ; D:/Drive/Projects/VLSI/stopwatch/DE0_TOP/db/lpm_divide_jhm.tdf        ;         ;
; db/lpm_divide_mhm.tdf            ; yes             ; Auto-Generated Megafunction  ; D:/Drive/Projects/VLSI/stopwatch/DE0_TOP/db/lpm_divide_mhm.tdf        ;         ;
; db/sign_div_unsign_nlh.tdf       ; yes             ; Auto-Generated Megafunction  ; D:/Drive/Projects/VLSI/stopwatch/DE0_TOP/db/sign_div_unsign_nlh.tdf   ;         ;
; db/alt_u_div_p5f.tdf             ; yes             ; Auto-Generated Megafunction  ; D:/Drive/Projects/VLSI/stopwatch/DE0_TOP/db/alt_u_div_p5f.tdf         ;         ;
; db/lpm_divide_0jm.tdf            ; yes             ; Auto-Generated Megafunction  ; D:/Drive/Projects/VLSI/stopwatch/DE0_TOP/db/lpm_divide_0jm.tdf        ;         ;
; db/sign_div_unsign_1nh.tdf       ; yes             ; Auto-Generated Megafunction  ; D:/Drive/Projects/VLSI/stopwatch/DE0_TOP/db/sign_div_unsign_1nh.tdf   ;         ;
; db/alt_u_div_d8f.tdf             ; yes             ; Auto-Generated Megafunction  ; D:/Drive/Projects/VLSI/stopwatch/DE0_TOP/db/alt_u_div_d8f.tdf         ;         ;
+----------------------------------+-----------------+------------------------------+-----------------------------------------------------------------------+---------+


+--------------------------------------------------------------+
; Analysis & Synthesis Resource Usage Summary                  ;
+---------------------------------------------+----------------+
; Resource                                    ; Usage          ;
+---------------------------------------------+----------------+
; Estimated Total logic elements              ; 395            ;
;                                             ;                ;
; Total combinational functions               ; 393            ;
; Logic element usage by number of LUT inputs ;                ;
;     -- 4 input functions                    ; 71             ;
;     -- 3 input functions                    ; 90             ;
;     -- <=2 input functions                  ; 232            ;
;                                             ;                ;
; Logic elements by mode                      ;                ;
;     -- normal mode                          ; 254            ;
;     -- arithmetic mode                      ; 139            ;
;                                             ;                ;
; Total registers                             ; 41             ;
;     -- Dedicated logic registers            ; 41             ;
;     -- I/O registers                        ; 0              ;
;                                             ;                ;
; I/O pins                                    ; 252            ;
; Embedded Multiplier 9-bit elements          ; 0              ;
; Maximum fan-out node                        ; CLOCK_50~input ;
; Maximum fan-out                             ; 41             ;
; Total fan-out                               ; 1522           ;
; Average fan-out                             ; 1.45           ;
+---------------------------------------------+----------------+


+--------------------------------------------------------------------------------------------------------------------------------------------------------------------------------------------------------------------------------------------------------------------------------------------------------+
; Analysis & Synthesis Resource Utilization by Entity                                                                                                                                                                                                                                                    ;
+-------------------------------------------+-------------------+--------------+-------------+--------------+---------+-----------+------+--------------+---------------------------------------------------------------------------------------------------------------------------------+--------------+
; Compilation Hierarchy Node                ; LC Combinationals ; LC Registers ; Memory Bits ; DSP Elements ; DSP 9x9 ; DSP 18x18 ; Pins ; Virtual Pins ; Full Hierarchy Name                                                                                                             ; Library Name ;
+-------------------------------------------+-------------------+--------------+-------------+--------------+---------+-----------+------+--------------+---------------------------------------------------------------------------------------------------------------------------------+--------------+
; |DE0_TOP                                  ; 393 (0)           ; 41 (0)       ; 0           ; 0            ; 0       ; 0         ; 252  ; 0            ; |DE0_TOP                                                                                                                        ; work         ;
;    |my_top:my_top_instance|               ; 393 (24)          ; 41 (0)       ; 0           ; 0            ; 0       ; 0         ; 0    ; 0            ; |DE0_TOP|my_top:my_top_instance                                                                                                 ; work         ;
;       |lpm_divide:Div0|                   ; 82 (0)            ; 0 (0)        ; 0           ; 0            ; 0       ; 0         ; 0    ; 0            ; |DE0_TOP|my_top:my_top_instance|lpm_divide:Div0                                                                                 ; work         ;
;          |lpm_divide_jhm:auto_generated|  ; 82 (0)            ; 0 (0)        ; 0           ; 0            ; 0       ; 0         ; 0    ; 0            ; |DE0_TOP|my_top:my_top_instance|lpm_divide:Div0|lpm_divide_jhm:auto_generated                                                   ; work         ;
;             |sign_div_unsign_klh:divider| ; 82 (0)            ; 0 (0)        ; 0           ; 0            ; 0       ; 0         ; 0    ; 0            ; |DE0_TOP|my_top:my_top_instance|lpm_divide:Div0|lpm_divide_jhm:auto_generated|sign_div_unsign_klh:divider                       ; work         ;
;                |alt_u_div_j5f:divider|    ; 82 (82)           ; 0 (0)        ; 0           ; 0            ; 0       ; 0         ; 0    ; 0            ; |DE0_TOP|my_top:my_top_instance|lpm_divide:Div0|lpm_divide_jhm:auto_generated|sign_div_unsign_klh:divider|alt_u_div_j5f:divider ; work         ;
;       |lpm_divide:Div1|                   ; 69 (0)            ; 0 (0)        ; 0           ; 0            ; 0       ; 0         ; 0    ; 0            ; |DE0_TOP|my_top:my_top_instance|lpm_divide:Div1                                                                                 ; work         ;
;          |lpm_divide_mhm:auto_generated|  ; 69 (0)            ; 0 (0)        ; 0           ; 0            ; 0       ; 0         ; 0    ; 0            ; |DE0_TOP|my_top:my_top_instance|lpm_divide:Div1|lpm_divide_mhm:auto_generated                                                   ; work         ;
;             |sign_div_unsign_nlh:divider| ; 69 (0)            ; 0 (0)        ; 0           ; 0            ; 0       ; 0         ; 0    ; 0            ; |DE0_TOP|my_top:my_top_instance|lpm_divide:Div1|lpm_divide_mhm:auto_generated|sign_div_unsign_nlh:divider                       ; work         ;
;                |alt_u_div_p5f:divider|    ; 69 (69)           ; 0 (0)        ; 0           ; 0            ; 0       ; 0         ; 0    ; 0            ; |DE0_TOP|my_top:my_top_instance|lpm_divide:Div1|lpm_divide_mhm:auto_generated|sign_div_unsign_nlh:divider|alt_u_div_p5f:divider ; work         ;
;       |lpm_divide:Div2|                   ; 8 (0)             ; 0 (0)        ; 0           ; 0            ; 0       ; 0         ; 0    ; 0            ; |DE0_TOP|my_top:my_top_instance|lpm_divide:Div2                                                                                 ; work         ;
;          |lpm_divide_0jm:auto_generated|  ; 8 (0)             ; 0 (0)        ; 0           ; 0            ; 0       ; 0         ; 0    ; 0            ; |DE0_TOP|my_top:my_top_instance|lpm_divide:Div2|lpm_divide_0jm:auto_generated                                                   ; work         ;
;             |sign_div_unsign_1nh:divider| ; 8 (0)             ; 0 (0)        ; 0           ; 0            ; 0       ; 0         ; 0    ; 0            ; |DE0_TOP|my_top:my_top_instance|lpm_divide:Div2|lpm_divide_0jm:auto_generated|sign_div_unsign_1nh:divider                       ; work         ;
;                |alt_u_div_d8f:divider|    ; 8 (8)             ; 0 (0)        ; 0           ; 0            ; 0       ; 0         ; 0    ; 0            ; |DE0_TOP|my_top:my_top_instance|lpm_divide:Div2|lpm_divide_0jm:auto_generated|sign_div_unsign_1nh:divider|alt_u_div_d8f:divider ; work         ;
;       |lpm_divide:Mod0|                   ; 85 (0)            ; 0 (0)        ; 0           ; 0            ; 0       ; 0         ; 0    ; 0            ; |DE0_TOP|my_top:my_top_instance|lpm_divide:Mod0                                                                                 ; work         ;
;          |lpm_divide_m9m:auto_generated|  ; 85 (0)            ; 0 (0)        ; 0           ; 0            ; 0       ; 0         ; 0    ; 0            ; |DE0_TOP|my_top:my_top_instance|lpm_divide:Mod0|lpm_divide_m9m:auto_generated                                                   ; work         ;
;             |sign_div_unsign_klh:divider| ; 85 (0)            ; 0 (0)        ; 0           ; 0            ; 0       ; 0         ; 0    ; 0            ; |DE0_TOP|my_top:my_top_instance|lpm_divide:Mod0|lpm_divide_m9m:auto_generated|sign_div_unsign_klh:divider                       ; work         ;
;                |alt_u_div_j5f:divider|    ; 85 (85)           ; 0 (0)        ; 0           ; 0            ; 0       ; 0         ; 0    ; 0            ; |DE0_TOP|my_top:my_top_instance|lpm_divide:Mod0|lpm_divide_m9m:auto_generated|sign_div_unsign_klh:divider|alt_u_div_j5f:divider ; work         ;
;       |lpm_divide:Mod1|                   ; 52 (0)            ; 0 (0)        ; 0           ; 0            ; 0       ; 0         ; 0    ; 0            ; |DE0_TOP|my_top:my_top_instance|lpm_divide:Mod1                                                                                 ; work         ;
;          |lpm_divide_m9m:auto_generated|  ; 52 (0)            ; 0 (0)        ; 0           ; 0            ; 0       ; 0         ; 0    ; 0            ; |DE0_TOP|my_top:my_top_instance|lpm_divide:Mod1|lpm_divide_m9m:auto_generated                                                   ; work         ;
;             |sign_div_unsign_klh:divider| ; 52 (0)            ; 0 (0)        ; 0           ; 0            ; 0       ; 0         ; 0    ; 0            ; |DE0_TOP|my_top:my_top_instance|lpm_divide:Mod1|lpm_divide_m9m:auto_generated|sign_div_unsign_klh:divider                       ; work         ;
;                |alt_u_div_j5f:divider|    ; 52 (52)           ; 0 (0)        ; 0           ; 0            ; 0       ; 0         ; 0    ; 0            ; |DE0_TOP|my_top:my_top_instance|lpm_divide:Mod1|lpm_divide_m9m:auto_generated|sign_div_unsign_klh:divider|alt_u_div_j5f:divider ; work         ;
;       |lpm_divide:Mod2|                   ; 10 (0)            ; 0 (0)        ; 0           ; 0            ; 0       ; 0         ; 0    ; 0            ; |DE0_TOP|my_top:my_top_instance|lpm_divide:Mod2                                                                                 ; work         ;
;          |lpm_divide_m9m:auto_generated|  ; 10 (0)            ; 0 (0)        ; 0           ; 0            ; 0       ; 0         ; 0    ; 0            ; |DE0_TOP|my_top:my_top_instance|lpm_divide:Mod2|lpm_divide_m9m:auto_generated                                                   ; work         ;
;             |sign_div_unsign_klh:divider| ; 10 (0)            ; 0 (0)        ; 0           ; 0            ; 0       ; 0         ; 0    ; 0            ; |DE0_TOP|my_top:my_top_instance|lpm_divide:Mod2|lpm_divide_m9m:auto_generated|sign_div_unsign_klh:divider                       ; work         ;
;                |alt_u_div_j5f:divider|    ; 10 (10)           ; 0 (0)        ; 0           ; 0            ; 0       ; 0         ; 0    ; 0            ; |DE0_TOP|my_top:my_top_instance|lpm_divide:Mod2|lpm_divide_m9m:auto_generated|sign_div_unsign_klh:divider|alt_u_div_j5f:divider ; work         ;
;       |rising_edge_detector:comb_3|       ; 0 (0)             ; 2 (2)        ; 0           ; 0            ; 0       ; 0         ; 0    ; 0            ; |DE0_TOP|my_top:my_top_instance|rising_edge_detector:comb_3                                                                     ; work         ;
;       |stopwatch:stopwatch_instance|      ; 63 (12)           ; 39 (1)       ; 0           ; 0            ; 0       ; 0         ; 0    ; 0            ; |DE0_TOP|my_top:my_top_instance|stopwatch:stopwatch_instance                                                                    ; work         ;
;          |register:cntr|                  ; 41 (41)           ; 28 (28)      ; 0           ; 0            ; 0       ; 0         ; 0    ; 0            ; |DE0_TOP|my_top:my_top_instance|stopwatch:stopwatch_instance|register:cntr                                                      ; work         ;
;          |register:seconds|               ; 10 (10)           ; 10 (10)      ; 0           ; 0            ; 0       ; 0         ; 0    ; 0            ; |DE0_TOP|my_top:my_top_instance|stopwatch:stopwatch_instance|register:seconds                                                   ; work         ;
+-------------------------------------------+-------------------+--------------+-------------+--------------+---------+-----------+------+--------------+---------------------------------------------------------------------------------------------------------------------------------+--------------+
Note: For table entries with two numbers listed, the numbers in parentheses indicate the number of resources of the given type used by the specific entity alone. The numbers listed outside of parentheses indicate the total resources of the given type used by the specific entity and all of its sub-entities in the hierarchy.


Encoding Type:  One-Hot
+----------------------------------------------------------------------------------------+
; State Machine - |DE0_TOP|my_top:my_top_instance|stopwatch:stopwatch_instance|state_reg ;
+--------------------+--------------+------------------+---------------------------------+
; Name               ; state_reg.00 ; state_reg.PAUSED ; state_reg.COUNTING              ;
+--------------------+--------------+------------------+---------------------------------+
; state_reg.00       ; 0            ; 0                ; 0                               ;
; state_reg.COUNTING ; 1            ; 0                ; 1                               ;
; state_reg.PAUSED   ; 1            ; 1                ; 0                               ;
+--------------------+--------------+------------------+---------------------------------+


+-------------------------------------------------------------------------------------------+
; Registers Removed During Synthesis                                                        ;
+----------------------------------------------------------------------+--------------------+
; Register name                                                        ; Reason for Removal ;
+----------------------------------------------------------------------+--------------------+
; my_top:my_top_instance|stopwatch:stopwatch_instance|state_reg.PAUSED ; Lost fanout        ;
; my_top:my_top_instance|stopwatch:stopwatch_instance|state_reg.00     ; Lost fanout        ;
; Total Number of Removed Registers = 2                                ;                    ;
+----------------------------------------------------------------------+--------------------+


+------------------------------------------------------+
; General Register Statistics                          ;
+----------------------------------------------+-------+
; Statistic                                    ; Value ;
+----------------------------------------------+-------+
; Total registers                              ; 41    ;
; Number of registers using Synchronous Clear  ; 0     ;
; Number of registers using Synchronous Load   ; 0     ;
; Number of registers using Asynchronous Clear ; 41    ;
; Number of registers using Asynchronous Load  ; 0     ;
; Number of registers using Clock Enable       ; 37    ;
; Number of registers using Preset             ; 0     ;
+----------------------------------------------+-------+


+-------------------------------------------------------------------------------------------------------------------------------------------------------------------------------------------------------+
; Multiplexer Restructuring Statistics (Restructuring Performed)                                                                                                                                        ;
+--------------------+-----------+---------------+----------------------+------------------------+------------+-----------------------------------------------------------------------------------------+
; Multiplexer Inputs ; Bus Width ; Baseline Area ; Area if Restructured ; Saving if Restructured ; Registered ; Example Multiplexer Output                                                              ;
+--------------------+-----------+---------------+----------------------+------------------------+------------+-----------------------------------------------------------------------------------------+
; 4:1                ; 28 bits   ; 56 LEs        ; 28 LEs               ; 28 LEs                 ; Yes        ; |DE0_TOP|my_top:my_top_instance|stopwatch:stopwatch_instance|register:cntr|data_reg[13] ;
+--------------------+-----------+---------------+----------------------+------------------------+------------+-----------------------------------------------------------------------------------------+


+---------------------------------------------------------------------+
; Parameter Settings for User Entity Instance: my_top:my_top_instance ;
+----------------+-------+--------------------------------------------+
; Parameter Name ; Value ; Type                                       ;
+----------------+-------+--------------------------------------------+
; SECONDS_WIDTH  ; 10    ; Signed Integer                             ;
; NUM_OF_7SEGS   ; 4     ; Signed Integer                             ;
+----------------+-------+--------------------------------------------+
Note: In order to hide this table in the UI and the text report file, please set the "Show Parameter Settings in Synthesis Report" option in "Analysis and Synthesis Settings -> More Settings" to "Off".


+--------------------------------------------------------------------------------------------------+
; Parameter Settings for User Entity Instance: my_top:my_top_instance|stopwatch:stopwatch_instance ;
+----------------+-------+-------------------------------------------------------------------------+
; Parameter Name ; Value ; Type                                                                    ;
+----------------+-------+-------------------------------------------------------------------------+
; SECONDS_WIDTH  ; 10    ; Signed Integer                                                          ;
+----------------+-------+-------------------------------------------------------------------------+
Note: In order to hide this table in the UI and the text report file, please set the "Show Parameter Settings in Synthesis Report" option in "Analysis and Synthesis Settings -> More Settings" to "Off".


+----------------------------------------------------------------------------------------------------------------+
; Parameter Settings for User Entity Instance: my_top:my_top_instance|stopwatch:stopwatch_instance|register:cntr ;
+----------------+-------+---------------------------------------------------------------------------------------+
; Parameter Name ; Value ; Type                                                                                  ;
+----------------+-------+---------------------------------------------------------------------------------------+
; WIDTH          ; 28    ; Signed Integer                                                                        ;
+----------------+-------+---------------------------------------------------------------------------------------+
Note: In order to hide this table in the UI and the text report file, please set the "Show Parameter Settings in Synthesis Report" option in "Analysis and Synthesis Settings -> More Settings" to "Off".


+-------------------------------------------------------------------------------------------------------------------+
; Parameter Settings for User Entity Instance: my_top:my_top_instance|stopwatch:stopwatch_instance|register:seconds ;
+----------------+-------+------------------------------------------------------------------------------------------+
; Parameter Name ; Value ; Type                                                                                     ;
+----------------+-------+------------------------------------------------------------------------------------------+
; WIDTH          ; 10    ; Signed Integer                                                                           ;
+----------------+-------+------------------------------------------------------------------------------------------+
Note: In order to hide this table in the UI and the text report file, please set the "Show Parameter Settings in Synthesis Report" option in "Analysis and Synthesis Settings -> More Settings" to "Off".


+-----------------------------------------------------------------------------------------+
; Parameter Settings for Inferred Entity Instance: my_top:my_top_instance|lpm_divide:Mod0 ;
+------------------------+----------------+-----------------------------------------------+
; Parameter Name         ; Value          ; Type                                          ;
+------------------------+----------------+-----------------------------------------------+
; LPM_WIDTHN             ; 10             ; Untyped                                       ;
; LPM_WIDTHD             ; 4              ; Untyped                                       ;
; LPM_NREPRESENTATION    ; UNSIGNED       ; Untyped                                       ;
; LPM_DREPRESENTATION    ; UNSIGNED       ; Untyped                                       ;
; LPM_PIPELINE           ; 0              ; Untyped                                       ;
; LPM_REMAINDERPOSITIVE  ; TRUE           ; Untyped                                       ;
; MAXIMIZE_SPEED         ; 5              ; Untyped                                       ;
; CBXI_PARAMETER         ; lpm_divide_m9m ; Untyped                                       ;
; CARRY_CHAIN            ; MANUAL         ; Untyped                                       ;
; OPTIMIZE_FOR_SPEED     ; 5              ; Untyped                                       ;
; AUTO_CARRY_CHAINS      ; ON             ; AUTO_CARRY                                    ;
; IGNORE_CARRY_BUFFERS   ; OFF            ; IGNORE_CARRY                                  ;
; AUTO_CASCADE_CHAINS    ; ON             ; AUTO_CASCADE                                  ;
; IGNORE_CASCADE_BUFFERS ; OFF            ; IGNORE_CASCADE                                ;
+------------------------+----------------+-----------------------------------------------+
Note: In order to hide this table in the UI and the text report file, please set the "Show Parameter Settings in Synthesis Report" option in "Analysis and Synthesis Settings -> More Settings" to "Off".


+-----------------------------------------------------------------------------------------+
; Parameter Settings for Inferred Entity Instance: my_top:my_top_instance|lpm_divide:Div0 ;
+------------------------+----------------+-----------------------------------------------+
; Parameter Name         ; Value          ; Type                                          ;
+------------------------+----------------+-----------------------------------------------+
; LPM_WIDTHN             ; 10             ; Untyped                                       ;
; LPM_WIDTHD             ; 4              ; Untyped                                       ;
; LPM_NREPRESENTATION    ; UNSIGNED       ; Untyped                                       ;
; LPM_DREPRESENTATION    ; UNSIGNED       ; Untyped                                       ;
; LPM_PIPELINE           ; 0              ; Untyped                                       ;
; LPM_REMAINDERPOSITIVE  ; TRUE           ; Untyped                                       ;
; MAXIMIZE_SPEED         ; 5              ; Untyped                                       ;
; CBXI_PARAMETER         ; lpm_divide_jhm ; Untyped                                       ;
; CARRY_CHAIN            ; MANUAL         ; Untyped                                       ;
; OPTIMIZE_FOR_SPEED     ; 5              ; Untyped                                       ;
; AUTO_CARRY_CHAINS      ; ON             ; AUTO_CARRY                                    ;
; IGNORE_CARRY_BUFFERS   ; OFF            ; IGNORE_CARRY                                  ;
; AUTO_CASCADE_CHAINS    ; ON             ; AUTO_CASCADE                                  ;
; IGNORE_CASCADE_BUFFERS ; OFF            ; IGNORE_CASCADE                                ;
+------------------------+----------------+-----------------------------------------------+
Note: In order to hide this table in the UI and the text report file, please set the "Show Parameter Settings in Synthesis Report" option in "Analysis and Synthesis Settings -> More Settings" to "Off".


+-----------------------------------------------------------------------------------------+
; Parameter Settings for Inferred Entity Instance: my_top:my_top_instance|lpm_divide:Mod1 ;
+------------------------+----------------+-----------------------------------------------+
; Parameter Name         ; Value          ; Type                                          ;
+------------------------+----------------+-----------------------------------------------+
; LPM_WIDTHN             ; 10             ; Untyped                                       ;
; LPM_WIDTHD             ; 4              ; Untyped                                       ;
; LPM_NREPRESENTATION    ; UNSIGNED       ; Untyped                                       ;
; LPM_DREPRESENTATION    ; UNSIGNED       ; Untyped                                       ;
; LPM_PIPELINE           ; 0              ; Untyped                                       ;
; LPM_REMAINDERPOSITIVE  ; TRUE           ; Untyped                                       ;
; MAXIMIZE_SPEED         ; 5              ; Untyped                                       ;
; CBXI_PARAMETER         ; lpm_divide_m9m ; Untyped                                       ;
; CARRY_CHAIN            ; MANUAL         ; Untyped                                       ;
; OPTIMIZE_FOR_SPEED     ; 5              ; Untyped                                       ;
; AUTO_CARRY_CHAINS      ; ON             ; AUTO_CARRY                                    ;
; IGNORE_CARRY_BUFFERS   ; OFF            ; IGNORE_CARRY                                  ;
; AUTO_CASCADE_CHAINS    ; ON             ; AUTO_CASCADE                                  ;
; IGNORE_CASCADE_BUFFERS ; OFF            ; IGNORE_CASCADE                                ;
+------------------------+----------------+-----------------------------------------------+
Note: In order to hide this table in the UI and the text report file, please set the "Show Parameter Settings in Synthesis Report" option in "Analysis and Synthesis Settings -> More Settings" to "Off".


+-----------------------------------------------------------------------------------------+
; Parameter Settings for Inferred Entity Instance: my_top:my_top_instance|lpm_divide:Div1 ;
+------------------------+----------------+-----------------------------------------------+
; Parameter Name         ; Value          ; Type                                          ;
+------------------------+----------------+-----------------------------------------------+
; LPM_WIDTHN             ; 10             ; Untyped                                       ;
; LPM_WIDTHD             ; 7              ; Untyped                                       ;
; LPM_NREPRESENTATION    ; UNSIGNED       ; Untyped                                       ;
; LPM_DREPRESENTATION    ; UNSIGNED       ; Untyped                                       ;
; LPM_PIPELINE           ; 0              ; Untyped                                       ;
; LPM_REMAINDERPOSITIVE  ; TRUE           ; Untyped                                       ;
; MAXIMIZE_SPEED         ; 5              ; Untyped                                       ;
; CBXI_PARAMETER         ; lpm_divide_mhm ; Untyped                                       ;
; CARRY_CHAIN            ; MANUAL         ; Untyped                                       ;
; OPTIMIZE_FOR_SPEED     ; 5              ; Untyped                                       ;
; AUTO_CARRY_CHAINS      ; ON             ; AUTO_CARRY                                    ;
; IGNORE_CARRY_BUFFERS   ; OFF            ; IGNORE_CARRY                                  ;
; AUTO_CASCADE_CHAINS    ; ON             ; AUTO_CASCADE                                  ;
; IGNORE_CASCADE_BUFFERS ; OFF            ; IGNORE_CASCADE                                ;
+------------------------+----------------+-----------------------------------------------+
Note: In order to hide this table in the UI and the text report file, please set the "Show Parameter Settings in Synthesis Report" option in "Analysis and Synthesis Settings -> More Settings" to "Off".


+-----------------------------------------------------------------------------------------+
; Parameter Settings for Inferred Entity Instance: my_top:my_top_instance|lpm_divide:Mod2 ;
+------------------------+----------------+-----------------------------------------------+
; Parameter Name         ; Value          ; Type                                          ;
+------------------------+----------------+-----------------------------------------------+
; LPM_WIDTHN             ; 10             ; Untyped                                       ;
; LPM_WIDTHD             ; 4              ; Untyped                                       ;
; LPM_NREPRESENTATION    ; UNSIGNED       ; Untyped                                       ;
; LPM_DREPRESENTATION    ; UNSIGNED       ; Untyped                                       ;
; LPM_PIPELINE           ; 0              ; Untyped                                       ;
; LPM_REMAINDERPOSITIVE  ; TRUE           ; Untyped                                       ;
; MAXIMIZE_SPEED         ; 5              ; Untyped                                       ;
; CBXI_PARAMETER         ; lpm_divide_m9m ; Untyped                                       ;
; CARRY_CHAIN            ; MANUAL         ; Untyped                                       ;
; OPTIMIZE_FOR_SPEED     ; 5              ; Untyped                                       ;
; AUTO_CARRY_CHAINS      ; ON             ; AUTO_CARRY                                    ;
; IGNORE_CARRY_BUFFERS   ; OFF            ; IGNORE_CARRY                                  ;
; AUTO_CASCADE_CHAINS    ; ON             ; AUTO_CASCADE                                  ;
; IGNORE_CASCADE_BUFFERS ; OFF            ; IGNORE_CASCADE                                ;
+------------------------+----------------+-----------------------------------------------+
Note: In order to hide this table in the UI and the text report file, please set the "Show Parameter Settings in Synthesis Report" option in "Analysis and Synthesis Settings -> More Settings" to "Off".


+-----------------------------------------------------------------------------------------+
; Parameter Settings for Inferred Entity Instance: my_top:my_top_instance|lpm_divide:Div2 ;
+------------------------+----------------+-----------------------------------------------+
; Parameter Name         ; Value          ; Type                                          ;
+------------------------+----------------+-----------------------------------------------+
; LPM_WIDTHN             ; 10             ; Untyped                                       ;
; LPM_WIDTHD             ; 10             ; Untyped                                       ;
; LPM_NREPRESENTATION    ; UNSIGNED       ; Untyped                                       ;
; LPM_DREPRESENTATION    ; UNSIGNED       ; Untyped                                       ;
; LPM_PIPELINE           ; 0              ; Untyped                                       ;
; LPM_REMAINDERPOSITIVE  ; TRUE           ; Untyped                                       ;
; MAXIMIZE_SPEED         ; 5              ; Untyped                                       ;
; CBXI_PARAMETER         ; lpm_divide_0jm ; Untyped                                       ;
; CARRY_CHAIN            ; MANUAL         ; Untyped                                       ;
; OPTIMIZE_FOR_SPEED     ; 5              ; Untyped                                       ;
; AUTO_CARRY_CHAINS      ; ON             ; AUTO_CARRY                                    ;
; IGNORE_CARRY_BUFFERS   ; OFF            ; IGNORE_CARRY                                  ;
; AUTO_CASCADE_CHAINS    ; ON             ; AUTO_CASCADE                                  ;
; IGNORE_CASCADE_BUFFERS ; OFF            ; IGNORE_CASCADE                                ;
+------------------------+----------------+-----------------------------------------------+
Note: In order to hide this table in the UI and the text report file, please set the "Show Parameter Settings in Synthesis Report" option in "Analysis and Synthesis Settings -> More Settings" to "Off".


+-----------------------------------------------------------------------------------------+
; Parameter Settings for Inferred Entity Instance: my_top:my_top_instance|lpm_divide:Mod3 ;
+------------------------+----------------+-----------------------------------------------+
; Parameter Name         ; Value          ; Type                                          ;
+------------------------+----------------+-----------------------------------------------+
; LPM_WIDTHN             ; 10             ; Untyped                                       ;
; LPM_WIDTHD             ; 4              ; Untyped                                       ;
; LPM_NREPRESENTATION    ; UNSIGNED       ; Untyped                                       ;
; LPM_DREPRESENTATION    ; UNSIGNED       ; Untyped                                       ;
; LPM_PIPELINE           ; 0              ; Untyped                                       ;
; LPM_REMAINDERPOSITIVE  ; TRUE           ; Untyped                                       ;
; MAXIMIZE_SPEED         ; 5              ; Untyped                                       ;
; CBXI_PARAMETER         ; lpm_divide_m9m ; Untyped                                       ;
; CARRY_CHAIN            ; MANUAL         ; Untyped                                       ;
; OPTIMIZE_FOR_SPEED     ; 5              ; Untyped                                       ;
; AUTO_CARRY_CHAINS      ; ON             ; AUTO_CARRY                                    ;
; IGNORE_CARRY_BUFFERS   ; OFF            ; IGNORE_CARRY                                  ;
; AUTO_CASCADE_CHAINS    ; ON             ; AUTO_CASCADE                                  ;
; IGNORE_CASCADE_BUFFERS ; OFF            ; IGNORE_CASCADE                                ;
+------------------------+----------------+-----------------------------------------------+
Note: In order to hide this table in the UI and the text report file, please set the "Show Parameter Settings in Synthesis Report" option in "Analysis and Synthesis Settings -> More Settings" to "Off".


+--------------------------------------------------------------------------------------------------+
; Port Connectivity Checks: "my_top:my_top_instance|stopwatch:stopwatch_instance|register:seconds" ;
+------------+-------+----------+------------------------------------------------------------------+
; Port       ; Type  ; Severity ; Details                                                          ;
+------------+-------+----------+------------------------------------------------------------------+
; ctrl[1..0] ; Input ; Info     ; Stuck at GND                                                     ;
; data_input ; Input ; Info     ; Stuck at GND                                                     ;
+------------+-------+----------+------------------------------------------------------------------+


+-----------------------------------------------------------------------------------------------+
; Port Connectivity Checks: "my_top:my_top_instance|stopwatch:stopwatch_instance|register:cntr" ;
+------------+-------+----------+---------------------------------------------------------------+
; Port       ; Type  ; Severity ; Details                                                       ;
+------------+-------+----------+---------------------------------------------------------------+
; data_input ; Input ; Info     ; Stuck at GND                                                  ;
+------------+-------+----------+---------------------------------------------------------------+


+-------------------------------+
; Elapsed Time Per Partition    ;
+----------------+--------------+
; Partition Name ; Elapsed Time ;
+----------------+--------------+
; Top            ; 00:00:07     ;
+----------------+--------------+


+-------------------------------+
; Analysis & Synthesis Messages ;
+-------------------------------+
Info: *******************************************************************
Info: Running Quartus II 64-Bit Analysis & Synthesis
    Info: Version 13.0.1 Build 232 06/12/2013 Service Pack 1 SJ Web Edition
    Info: Processing started: Sun Dec 13 10:51:04 2020
Info: Command: quartus_map --read_settings_files=on --write_settings_files=off DE0_TOP -c DE0_TOP
Warning (20028): Parallel compilation is not licensed and has been disabled
Info (12021): Found 1 design units, including 1 entities, in source file rising_edge_detector.v
    Info (12023): Found entity 1: rising_edge_detector
Info (12021): Found 1 design units, including 1 entities, in source file stopwatch.v
    Info (12023): Found entity 1: stopwatch
Info (12021): Found 1 design units, including 1 entities, in source file register.v
    Info (12023): Found entity 1: register
Info (12021): Found 1 design units, including 1 entities, in source file my_top.v
    Info (12023): Found entity 1: my_top
Info (12021): Found 1 design units, including 1 entities, in source file de0_top.v
    Info (12023): Found entity 1: DE0_TOP
Critical Warning (10846): Verilog HDL Instantiation warning at my_top.v(22): instance has no name
Info (12127): Elaborating entity "DE0_TOP" for the top level hierarchy
Warning (10034): Output port "DRAM_ADDR" at DE0_TOP.v(150) has no driver
Warning (10034): Output port "FL_ADDR" at DE0_TOP.v(164) has no driver
Warning (10034): Output port "VGA_R" at DE0_TOP.v(192) has no driver
Warning (10034): Output port "VGA_G" at DE0_TOP.v(193) has no driver
Warning (10034): Output port "VGA_B" at DE0_TOP.v(194) has no driver
Warning (10034): Output port "GPIO0_CLKOUT" at DE0_TOP.v(197) has no driver
Warning (10034): Output port "GPIO1_CLKOUT" at DE0_TOP.v(200) has no driver
Warning (10034): Output port "UART_TXD" at DE0_TOP.v(144) has no driver
Warning (10034): Output port "UART_CTS" at DE0_TOP.v(146) has no driver
Warning (10034): Output port "DRAM_LDQM" at DE0_TOP.v(151) has no driver
Warning (10034): Output port "DRAM_UDQM" at DE0_TOP.v(152) has no driver
Warning (10034): Output port "DRAM_WE_N" at DE0_TOP.v(153) has no driver
Warning (10034): Output port "DRAM_CAS_N" at DE0_TOP.v(154) has no driver
Warning (10034): Output port "DRAM_RAS_N" at DE0_TOP.v(155) has no driver
Warning (10034): Output port "DRAM_CS_N" at DE0_TOP.v(156) has no driver
Warning (10034): Output port "DRAM_BA_0" at DE0_TOP.v(157) has no driver
Warning (10034): Output port "DRAM_BA_1" at DE0_TOP.v(158) has no driver
Warning (10034): Output port "DRAM_CLK" at DE0_TOP.v(159) has no driver
Warning (10034): Output port "DRAM_CKE" at DE0_TOP.v(160) has no driver
Warning (10034): Output port "FL_WE_N" at DE0_TOP.v(165) has no driver
Warning (10034): Output port "FL_RST_N" at DE0_TOP.v(166) has no driver
Warning (10034): Output port "FL_OE_N" at DE0_TOP.v(167) has no driver
Warning (10034): Output port "FL_CE_N" at DE0_TOP.v(168) has no driver
Warning (10034): Output port "FL_WP_N" at DE0_TOP.v(169) has no driver
Warning (10034): Output port "FL_BYTE_N" at DE0_TOP.v(170) has no driver
Warning (10034): Output port "LCD_BLON" at DE0_TOP.v(174) has no driver
Warning (10034): Output port "LCD_RW" at DE0_TOP.v(175) has no driver
Warning (10034): Output port "LCD_EN" at DE0_TOP.v(176) has no driver
Warning (10034): Output port "LCD_RS" at DE0_TOP.v(177) has no driver
Warning (10034): Output port "SD_CLK" at DE0_TOP.v(182) has no driver
Warning (10034): Output port "VGA_HS" at DE0_TOP.v(190) has no driver
Warning (10034): Output port "VGA_VS" at DE0_TOP.v(191) has no driver
Info (12128): Elaborating entity "my_top" for hierarchy "my_top:my_top_instance"
Warning (10230): Verilog HDL assignment warning at my_top.v(43): truncated value with size 32 to match size of target (4)
Warning (10270): Verilog HDL Case Statement warning at my_top.v(55): incomplete case statement has no default case item
Warning (10776): Verilog HDL warning at my_top.v(50): variable sevenseg in static task or function sevenseg may have unintended latch behavior
Warning (10241): Verilog HDL Function Declaration warning at my_top.v(50): function "sevenseg" may return a Don't Care value because its output register may not be assigned a value in every possible path through the function
Warning (10030): Net "sevenseg" at my_top.v(50) has no driver or initial value, using a default initial value '0'
Info (12128): Elaborating entity "rising_edge_detector" for hierarchy "my_top:my_top_instance|rising_edge_detector:comb_3"
Info (12128): Elaborating entity "stopwatch" for hierarchy "my_top:my_top_instance|stopwatch:stopwatch_instance"
Info (12128): Elaborating entity "register" for hierarchy "my_top:my_top_instance|stopwatch:stopwatch_instance|register:cntr"
Info (12128): Elaborating entity "register" for hierarchy "my_top:my_top_instance|stopwatch:stopwatch_instance|register:seconds"
Info (278001): Inferred 7 megafunctions from design logic
    Info (278004): Inferred divider/modulo megafunction ("lpm_divide") from the following logic: "my_top:my_top_instance|Mod0"
    Info (278004): Inferred divider/modulo megafunction ("lpm_divide") from the following logic: "my_top:my_top_instance|Div0"
    Info (278004): Inferred divider/modulo megafunction ("lpm_divide") from the following logic: "my_top:my_top_instance|Mod1"
    Info (278004): Inferred divider/modulo megafunction ("lpm_divide") from the following logic: "my_top:my_top_instance|Div1"
    Info (278004): Inferred divider/modulo megafunction ("lpm_divide") from the following logic: "my_top:my_top_instance|Mod2"
    Info (278004): Inferred divider/modulo megafunction ("lpm_divide") from the following logic: "my_top:my_top_instance|Div2"
    Info (278004): Inferred divider/modulo megafunction ("lpm_divide") from the following logic: "my_top:my_top_instance|Mod3"
Info (12130): Elaborated megafunction instantiation "my_top:my_top_instance|lpm_divide:Mod0"
Info (12133): Instantiated megafunction "my_top:my_top_instance|lpm_divide:Mod0" with the following parameter:
    Info (12134): Parameter "LPM_WIDTHN" = "10"
    Info (12134): Parameter "LPM_WIDTHD" = "4"
    Info (12134): Parameter "LPM_NREPRESENTATION" = "UNSIGNED"
    Info (12134): Parameter "LPM_DREPRESENTATION" = "UNSIGNED"
Info (12021): Found 1 design units, including 1 entities, in source file db/lpm_divide_m9m.tdf
    Info (12023): Found entity 1: lpm_divide_m9m
Info (12021): Found 1 design units, including 1 entities, in source file db/sign_div_unsign_klh.tdf
    Info (12023): Found entity 1: sign_div_unsign_klh
Info (12021): Found 1 design units, including 1 entities, in source file db/alt_u_div_j5f.tdf
    Info (12023): Found entity 1: alt_u_div_j5f
Info (12021): Found 1 design units, including 1 entities, in source file db/add_sub_unc.tdf
    Info (12023): Found entity 1: add_sub_unc
Info (12021): Found 1 design units, including 1 entities, in source file db/add_sub_vnc.tdf
    Info (12023): Found entity 1: add_sub_vnc
Info (12130): Elaborated megafunction instantiation "my_top:my_top_instance|lpm_divide:Div0"
Info (12133): Instantiated megafunction "my_top:my_top_instance|lpm_divide:Div0" with the following parameter:
    Info (12134): Parameter "LPM_WIDTHN" = "10"
    Info (12134): Parameter "LPM_WIDTHD" = "4"
    Info (12134): Parameter "LPM_NREPRESENTATION" = "UNSIGNED"
    Info (12134): Parameter "LPM_DREPRESENTATION" = "UNSIGNED"
Info (12021): Found 1 design units, including 1 entities, in source file db/lpm_divide_jhm.tdf
    Info (12023): Found entity 1: lpm_divide_jhm
Info (12130): Elaborated megafunction instantiation "my_top:my_top_instance|lpm_divide:Div1"
Info (12133): Instantiated megafunction "my_top:my_top_instance|lpm_divide:Div1" with the following parameter:
    Info (12134): Parameter "LPM_WIDTHN" = "10"
    Info (12134): Parameter "LPM_WIDTHD" = "7"
    Info (12134): Parameter "LPM_NREPRESENTATION" = "UNSIGNED"
    Info (12134): Parameter "LPM_DREPRESENTATION" = "UNSIGNED"
Info (12021): Found 1 design units, including 1 entities, in source file db/lpm_divide_mhm.tdf
    Info (12023): Found entity 1: lpm_divide_mhm
Info (12021): Found 1 design units, including 1 entities, in source file db/sign_div_unsign_nlh.tdf
    Info (12023): Found entity 1: sign_div_unsign_nlh
Info (12021): Found 1 design units, including 1 entities, in source file db/alt_u_div_p5f.tdf
    Info (12023): Found entity 1: alt_u_div_p5f
Info (12130): Elaborated megafunction instantiation "my_top:my_top_instance|lpm_divide:Div2"
Info (12133): Instantiated megafunction "my_top:my_top_instance|lpm_divide:Div2" with the following parameter:
    Info (12134): Parameter "LPM_WIDTHN" = "10"
    Info (12134): Parameter "LPM_WIDTHD" = "10"
    Info (12134): Parameter "LPM_NREPRESENTATION" = "UNSIGNED"
    Info (12134): Parameter "LPM_DREPRESENTATION" = "UNSIGNED"
Info (12021): Found 1 design units, including 1 entities, in source file db/lpm_divide_0jm.tdf
    Info (12023): Found entity 1: lpm_divide_0jm
Info (12021): Found 1 design units, including 1 entities, in source file db/sign_div_unsign_1nh.tdf
    Info (12023): Found entity 1: sign_div_unsign_1nh
Info (12021): Found 1 design units, including 1 entities, in source file db/alt_u_div_d8f.tdf
    Info (12023): Found entity 1: alt_u_div_d8f
Warning (13039): The following bidir pins have no drivers
    Warning (13040): Bidir "DRAM_DQ[0]" has no driver
    Warning (13040): Bidir "DRAM_DQ[1]" has no driver
    Warning (13040): Bidir "DRAM_DQ[2]" has no driver
    Warning (13040): Bidir "DRAM_DQ[3]" has no driver
    Warning (13040): Bidir "DRAM_DQ[4]" has no driver
    Warning (13040): Bidir "DRAM_DQ[5]" has no driver
    Warning (13040): Bidir "DRAM_DQ[6]" has no driver
    Warning (13040): Bidir "DRAM_DQ[7]" has no driver
    Warning (13040): Bidir "DRAM_DQ[8]" has no driver
    Warning (13040): Bidir "DRAM_DQ[9]" has no driver
    Warning (13040): Bidir "DRAM_DQ[10]" has no driver
    Warning (13040): Bidir "DRAM_DQ[11]" has no driver
    Warning (13040): Bidir "DRAM_DQ[12]" has no driver
    Warning (13040): Bidir "DRAM_DQ[13]" has no driver
    Warning (13040): Bidir "DRAM_DQ[14]" has no driver
    Warning (13040): Bidir "DRAM_DQ[15]" has no driver
    Warning (13040): Bidir "FL_DQ[0]" has no driver
    Warning (13040): Bidir "FL_DQ[1]" has no driver
    Warning (13040): Bidir "FL_DQ[2]" has no driver
    Warning (13040): Bidir "FL_DQ[3]" has no driver
    Warning (13040): Bidir "FL_DQ[4]" has no driver
    Warning (13040): Bidir "FL_DQ[5]" has no driver
    Warning (13040): Bidir "FL_DQ[6]" has no driver
    Warning (13040): Bidir "FL_DQ[7]" has no driver
    Warning (13040): Bidir "FL_DQ[8]" has no driver
    Warning (13040): Bidir "FL_DQ[9]" has no driver
    Warning (13040): Bidir "FL_DQ[10]" has no driver
    Warning (13040): Bidir "FL_DQ[11]" has no driver
    Warning (13040): Bidir "FL_DQ[12]" has no driver
    Warning (13040): Bidir "FL_DQ[13]" has no driver
    Warning (13040): Bidir "FL_DQ[14]" has no driver
    Warning (13040): Bidir "FL_DQ15_AM1" has no driver
    Warning (13040): Bidir "LCD_DATA[0]" has no driver
    Warning (13040): Bidir "LCD_DATA[1]" has no driver
    Warning (13040): Bidir "LCD_DATA[2]" has no driver
    Warning (13040): Bidir "LCD_DATA[3]" has no driver
    Warning (13040): Bidir "LCD_DATA[4]" has no driver
    Warning (13040): Bidir "LCD_DATA[5]" has no driver
    Warning (13040): Bidir "LCD_DATA[6]" has no driver
    Warning (13040): Bidir "LCD_DATA[7]" has no driver
    Warning (13040): Bidir "SD_DAT0" has no driver
    Warning (13040): Bidir "SD_DAT3" has no driver
    Warning (13040): Bidir "SD_CMD" has no driver
    Warning (13040): Bidir "PS2_KBDAT" has no driver
    Warning (13040): Bidir "PS2_KBCLK" has no driver
    Warning (13040): Bidir "PS2_MSDAT" has no driver
    Warning (13040): Bidir "PS2_MSCLK" has no driver
    Warning (13040): Bidir "GPIO0_D[0]" has no driver
    Warning (13040): Bidir "GPIO0_D[1]" has no driver
    Warning (13040): Bidir "GPIO0_D[2]" has no driver
    Warning (13040): Bidir "GPIO0_D[3]" has no driver
    Warning (13040): Bidir "GPIO0_D[4]" has no driver
    Warning (13040): Bidir "GPIO0_D[5]" has no driver
    Warning (13040): Bidir "GPIO0_D[6]" has no driver
    Warning (13040): Bidir "GPIO0_D[7]" has no driver
    Warning (13040): Bidir "GPIO0_D[8]" has no driver
    Warning (13040): Bidir "GPIO0_D[9]" has no driver
    Warning (13040): Bidir "GPIO0_D[10]" has no driver
    Warning (13040): Bidir "GPIO0_D[11]" has no driver
    Warning (13040): Bidir "GPIO0_D[12]" has no driver
    Warning (13040): Bidir "GPIO0_D[13]" has no driver
    Warning (13040): Bidir "GPIO0_D[14]" has no driver
    Warning (13040): Bidir "GPIO0_D[15]" has no driver
    Warning (13040): Bidir "GPIO0_D[16]" has no driver
    Warning (13040): Bidir "GPIO0_D[17]" has no driver
    Warning (13040): Bidir "GPIO0_D[18]" has no driver
    Warning (13040): Bidir "GPIO0_D[19]" has no driver
    Warning (13040): Bidir "GPIO0_D[20]" has no driver
    Warning (13040): Bidir "GPIO0_D[21]" has no driver
    Warning (13040): Bidir "GPIO0_D[22]" has no driver
    Warning (13040): Bidir "GPIO0_D[23]" has no driver
    Warning (13040): Bidir "GPIO0_D[24]" has no driver
    Warning (13040): Bidir "GPIO0_D[25]" has no driver
    Warning (13040): Bidir "GPIO0_D[26]" has no driver
    Warning (13040): Bidir "GPIO0_D[27]" has no driver
    Warning (13040): Bidir "GPIO0_D[28]" has no driver
    Warning (13040): Bidir "GPIO0_D[29]" has no driver
    Warning (13040): Bidir "GPIO0_D[30]" has no driver
    Warning (13040): Bidir "GPIO0_D[31]" has no driver
    Warning (13040): Bidir "GPIO1_D[0]" has no driver
    Warning (13040): Bidir "GPIO1_D[1]" has no driver
    Warning (13040): Bidir "GPIO1_D[2]" has no driver
    Warning (13040): Bidir "GPIO1_D[3]" has no driver
    Warning (13040): Bidir "GPIO1_D[4]" has no driver
    Warning (13040): Bidir "GPIO1_D[5]" has no driver
    Warning (13040): Bidir "GPIO1_D[6]" has no driver
    Warning (13040): Bidir "GPIO1_D[7]" has no driver
    Warning (13040): Bidir "GPIO1_D[8]" has no driver
    Warning (13040): Bidir "GPIO1_D[9]" has no driver
    Warning (13040): Bidir "GPIO1_D[10]" has no driver
    Warning (13040): Bidir "GPIO1_D[11]" has no driver
    Warning (13040): Bidir "GPIO1_D[12]" has no driver
    Warning (13040): Bidir "GPIO1_D[13]" has no driver
    Warning (13040): Bidir "GPIO1_D[14]" has no driver
    Warning (13040): Bidir "GPIO1_D[15]" has no driver
    Warning (13040): Bidir "GPIO1_D[16]" has no driver
    Warning (13040): Bidir "GPIO1_D[17]" has no driver
    Warning (13040): Bidir "GPIO1_D[18]" has no driver
    Warning (13040): Bidir "GPIO1_D[19]" has no driver
    Warning (13040): Bidir "GPIO1_D[20]" has no driver
    Warning (13040): Bidir "GPIO1_D[21]" has no driver
    Warning (13040): Bidir "GPIO1_D[22]" has no driver
    Warning (13040): Bidir "GPIO1_D[23]" has no driver
    Warning (13040): Bidir "GPIO1_D[24]" has no driver
    Warning (13040): Bidir "GPIO1_D[25]" has no driver
    Warning (13040): Bidir "GPIO1_D[26]" has no driver
    Warning (13040): Bidir "GPIO1_D[27]" has no driver
    Warning (13040): Bidir "GPIO1_D[28]" has no driver
    Warning (13040): Bidir "GPIO1_D[29]" has no driver
    Warning (13040): Bidir "GPIO1_D[30]" has no driver
    Warning (13040): Bidir "GPIO1_D[31]" has no driver
Warning (13024): Output pins are stuck at VCC or GND
    Warning (13410): Pin "HEX3_D[1]" is stuck at GND
    Warning (13410): Pin "HEX3_D[2]" is stuck at GND
    Warning (13410): Pin "HEX3_D[6]" is stuck at VCC
    Warning (13410): Pin "HEX3_DP" is stuck at VCC
    Warning (13410): Pin "UART_TXD" is stuck at GND
    Warning (13410): Pin "UART_CTS" is stuck at GND
    Warning (13410): Pin "DRAM_ADDR[0]" is stuck at GND
    Warning (13410): Pin "DRAM_ADDR[1]" is stuck at GND
    Warning (13410): Pin "DRAM_ADDR[2]" is stuck at GND
    Warning (13410): Pin "DRAM_ADDR[3]" is stuck at GND
    Warning (13410): Pin "DRAM_ADDR[4]" is stuck at GND
    Warning (13410): Pin "DRAM_ADDR[5]" is stuck at GND
    Warning (13410): Pin "DRAM_ADDR[6]" is stuck at GND
    Warning (13410): Pin "DRAM_ADDR[7]" is stuck at GND
    Warning (13410): Pin "DRAM_ADDR[8]" is stuck at GND
    Warning (13410): Pin "DRAM_ADDR[9]" is stuck at GND
    Warning (13410): Pin "DRAM_ADDR[10]" is stuck at GND
    Warning (13410): Pin "DRAM_ADDR[11]" is stuck at GND
    Warning (13410): Pin "DRAM_ADDR[12]" is stuck at GND
    Warning (13410): Pin "DRAM_LDQM" is stuck at GND
    Warning (13410): Pin "DRAM_UDQM" is stuck at GND
    Warning (13410): Pin "DRAM_WE_N" is stuck at GND
    Warning (13410): Pin "DRAM_CAS_N" is stuck at GND
    Warning (13410): Pin "DRAM_RAS_N" is stuck at GND
    Warning (13410): Pin "DRAM_CS_N" is stuck at GND
    Warning (13410): Pin "DRAM_BA_0" is stuck at GND
    Warning (13410): Pin "DRAM_BA_1" is stuck at GND
    Warning (13410): Pin "DRAM_CLK" is stuck at GND
    Warning (13410): Pin "DRAM_CKE" is stuck at GND
    Warning (13410): Pin "FL_ADDR[0]" is stuck at GND
    Warning (13410): Pin "FL_ADDR[1]" is stuck at GND
    Warning (13410): Pin "FL_ADDR[2]" is stuck at GND
    Warning (13410): Pin "FL_ADDR[3]" is stuck at GND
    Warning (13410): Pin "FL_ADDR[4]" is stuck at GND
    Warning (13410): Pin "FL_ADDR[5]" is stuck at GND
    Warning (13410): Pin "FL_ADDR[6]" is stuck at GND
    Warning (13410): Pin "FL_ADDR[7]" is stuck at GND
    Warning (13410): Pin "FL_ADDR[8]" is stuck at GND
    Warning (13410): Pin "FL_ADDR[9]" is stuck at GND
    Warning (13410): Pin "FL_ADDR[10]" is stuck at GND
    Warning (13410): Pin "FL_ADDR[11]" is stuck at GND
    Warning (13410): Pin "FL_ADDR[12]" is stuck at GND
    Warning (13410): Pin "FL_ADDR[13]" is stuck at GND
    Warning (13410): Pin "FL_ADDR[14]" is stuck at GND
    Warning (13410): Pin "FL_ADDR[15]" is stuck at GND
    Warning (13410): Pin "FL_ADDR[16]" is stuck at GND
    Warning (13410): Pin "FL_ADDR[17]" is stuck at GND
    Warning (13410): Pin "FL_ADDR[18]" is stuck at GND
    Warning (13410): Pin "FL_ADDR[19]" is stuck at GND
    Warning (13410): Pin "FL_ADDR[20]" is stuck at GND
    Warning (13410): Pin "FL_ADDR[21]" is stuck at GND
    Warning (13410): Pin "FL_WE_N" is stuck at GND
    Warning (13410): Pin "FL_RST_N" is stuck at GND
    Warning (13410): Pin "FL_OE_N" is stuck at GND
    Warning (13410): Pin "FL_CE_N" is stuck at GND
    Warning (13410): Pin "FL_WP_N" is stuck at GND
    Warning (13410): Pin "FL_BYTE_N" is stuck at GND
    Warning (13410): Pin "LCD_BLON" is stuck at GND
    Warning (13410): Pin "LCD_RW" is stuck at GND
    Warning (13410): Pin "LCD_EN" is stuck at GND
    Warning (13410): Pin "LCD_RS" is stuck at GND
    Warning (13410): Pin "SD_CLK" is stuck at GND
    Warning (13410): Pin "VGA_HS" is stuck at GND
    Warning (13410): Pin "VGA_VS" is stuck at GND
    Warning (13410): Pin "VGA_R[0]" is stuck at GND
    Warning (13410): Pin "VGA_R[1]" is stuck at GND
    Warning (13410): Pin "VGA_R[2]" is stuck at GND
    Warning (13410): Pin "VGA_R[3]" is stuck at GND
    Warning (13410): Pin "VGA_G[0]" is stuck at GND
    Warning (13410): Pin "VGA_G[1]" is stuck at GND
    Warning (13410): Pin "VGA_G[2]" is stuck at GND
    Warning (13410): Pin "VGA_G[3]" is stuck at GND
    Warning (13410): Pin "VGA_B[0]" is stuck at GND
    Warning (13410): Pin "VGA_B[1]" is stuck at GND
    Warning (13410): Pin "VGA_B[2]" is stuck at GND
    Warning (13410): Pin "VGA_B[3]" is stuck at GND
    Warning (13410): Pin "GPIO0_CLKOUT[0]" is stuck at GND
    Warning (13410): Pin "GPIO0_CLKOUT[1]" is stuck at GND
    Warning (13410): Pin "GPIO1_CLKOUT[0]" is stuck at GND
    Warning (13410): Pin "GPIO1_CLKOUT[1]" is stuck at GND
Info (286030): Timing-Driven Synthesis is running
Info (17049): 2 registers lost all their fanouts during netlist optimizations.
Info (17016): Found the following redundant logic cells in design
    Info (17048): Logic cell "my_top:my_top_instance|lpm_divide:Mod1|lpm_divide_m9m:auto_generated|sign_div_unsign_klh:divider|alt_u_div_j5f:divider|add_sub_9_result_int[0]~0"
    Info (17048): Logic cell "my_top:my_top_instance|lpm_divide:Mod1|lpm_divide_m9m:auto_generated|sign_div_unsign_klh:divider|alt_u_div_j5f:divider|add_sub_6_result_int[0]~10"
    Info (17048): Logic cell "my_top:my_top_instance|lpm_divide:Mod1|lpm_divide_m9m:auto_generated|sign_div_unsign_klh:divider|alt_u_div_j5f:divider|add_sub_7_result_int[0]~10"
    Info (17048): Logic cell "my_top:my_top_instance|lpm_divide:Mod1|lpm_divide_m9m:auto_generated|sign_div_unsign_klh:divider|alt_u_div_j5f:divider|add_sub_8_result_int[0]~10"
    Info (17048): Logic cell "my_top:my_top_instance|lpm_divide:Mod2|lpm_divide_m9m:auto_generated|sign_div_unsign_klh:divider|alt_u_div_j5f:divider|add_sub_9_result_int[0]~0"
Info (16010): Generating hard_block partition "hard_block:auto_generated_inst"
    Info (16011): Adding 0 node(s), including 0 DDIO, 0 PLL, 0 transceiver and 0 LCELL
Warning (21074): Design contains 20 input pin(s) that do not drive logic
    Warning (15610): No output dependent on input pin "CLOCK_50_2"
    Warning (15610): No output dependent on input pin "BUTTON[0]"
    Warning (15610): No output dependent on input pin "BUTTON[2]"
    Warning (15610): No output dependent on input pin "SW[0]"
    Warning (15610): No output dependent on input pin "SW[1]"
    Warning (15610): No output dependent on input pin "SW[2]"
    Warning (15610): No output dependent on input pin "SW[3]"
    Warning (15610): No output dependent on input pin "SW[4]"
    Warning (15610): No output dependent on input pin "SW[5]"
    Warning (15610): No output dependent on input pin "SW[6]"
    Warning (15610): No output dependent on input pin "SW[7]"
    Warning (15610): No output dependent on input pin "SW[8]"
    Warning (15610): No output dependent on input pin "UART_RXD"
    Warning (15610): No output dependent on input pin "UART_RTS"
    Warning (15610): No output dependent on input pin "FL_RY"
    Warning (15610): No output dependent on input pin "SD_WP_N"
    Warning (15610): No output dependent on input pin "GPIO0_CLKIN[0]"
    Warning (15610): No output dependent on input pin "GPIO0_CLKIN[1]"
    Warning (15610): No output dependent on input pin "GPIO1_CLKIN[0]"
    Warning (15610): No output dependent on input pin "GPIO1_CLKIN[1]"
Info (21057): Implemented 647 device resources after synthesis - the final resource count might be different
    Info (21058): Implemented 23 input pins
    Info (21059): Implemented 118 output pins
    Info (21060): Implemented 111 bidirectional pins
    Info (21061): Implemented 395 logic cells
Info: Quartus II 64-Bit Analysis & Synthesis was successful. 0 errors, 253 warnings
    Info: Peak virtual memory: 4633 megabytes
    Info: Processing ended: Sun Dec 13 10:51:23 2020
    Info: Elapsed time: 00:00:19
    Info: Total CPU time (on all processors): 00:00:05


